(THU.CST) os is loading ...

Special kernel symbols:
  entry  0xc010002a (phys)
  etext  0xc01058cc (phys)
  edata  0xc0117a36 (phys)
  end    0xc0118968 (phys)
Kernel executable memory footprint: 99KB
ebp:0xc0116f48 eip:0xc0100a56 args:0x00010094 0x00010094 0xc0116f78 0xc01000ae 
    kern/debug/kdebug.c:308: print_stackframe+21
ebp:0xc0116f58 eip:0xc0100d56 args:0x00000000 0x00000000 0x00000000 0xc0116fc8 
    kern/debug/kmonitor.c:129: mon_backtrace+10
ebp:0xc0116f78 eip:0xc01000ae args:0x00000000 0xc0116fa0 0xffff0000 0xc0116fa4 
    kern/init/init.c:49: grade_backtrace2+19
ebp:0xc0116f98 eip:0xc01000d0 args:0x00000000 0xffff0000 0xc0116fc4 0x00000029 
    kern/init/init.c:54: grade_backtrace1+27
ebp:0xc0116fb8 eip:0xc01000ed args:0x00000000 0xc010002a 0xffff0000 0xc010006d 
    kern/init/init.c:59: grade_backtrace0+19
ebp:0xc0116fd8 eip:0xc010010e args:0x00000000 0x00000000 0x00000000 0xc01058e0 
    kern/init/init.c:64: grade_backtrace+26
ebp:0xc0116ff8 eip:0xc010007a args:0x00000000 0x00000000 0x0000ffff 0x40cf9a00 
    kern/init/init.c:29: kern_init+79
memory management: default_pmm_manager
e820map:
  memory: 0009fc00, [00000000, 0009fbff], type = 1.
  memory: 00000400, [0009fc00, 0009ffff], type = 2.
  memory: 00010000, [000f0000, 000fffff], type = 2.
  memory: 07ee0000, [00100000, 07fdffff], type = 1.
  memory: 00020000, [07fe0000, 07ffffff], type = 2.
  memory: 00040000, [fffc0000, ffffffff], type = 2.
kernel panic at kern/mm/default_pmm.c:170:
    assertion failed: p0 != p1 && p0 != p2 && p1 != p2
Welcome to the kernel debug monitor!!
Type 'help' for a list of commands.
K> 